<?xml version="1.0" encoding="UTF-8" ?>
<testsuite failures="3" time="6.465" errors="0" skipped="0" tests="3" name="com.fc572.domain.CommentTest">
  <properties>
[...]
</properties>
  <testcase time="2.366" classname="com.fc572.domain.CommentTest" name="testDeleteCommentPage">
    <failure message="Model attribute &apos;message&apos;
Expected: a string containing &quot;Your comment has been deleted&quot;
     but: was &quot;It was not possible to delete your comment&quot;" type="java.lang.AssertionError">java.lang.AssertionError: Model attribute &apos;message&apos;
Expected: a string containing &quot;Your comment has been deleted&quot;
     but: was &quot;It was not possible to delete your comment&quot;
	at org.springframework.test.util.MatcherAssertionErrors.assertThat(MatcherAssertionErrors.java:76)
	at org.springframework.test.web.servlet.result.ModelResultMatchers$1.match(ModelResultMatchers.java:57)
	at org.springframework.test.web.servlet.MockMvc$1.andExpect(MockMvc.java:149)
	at com.fc572.domain.CommentTest.testDeleteCommentPage(CommentTest.java:87)
	at sun.reflect.NativeMethodAccessorImpl.invoke0(Native Method)
	at sun.reflect.NativeMethodAccessorImpl.invoke(NativeMethodAccessorImpl.java:57)
	at sun.reflect.DelegatingMethodAccessorImpl.invoke(DelegatingMethodAccessorImpl.java:43)
	at java.lang.reflect.Method.invoke(Method.java:606)
	at org.junit.runners.model.FrameworkMethod$1.runReflectiveCall(FrameworkMethod.java:47)
	at org.junit.internal.runners.model.ReflectiveCallable.run(ReflectiveCallable.java:12)
	at org.junit.runners.model.FrameworkMethod.invokeExplosively(FrameworkMethod.java:44)
	at org.junit.internal.runners.statements.InvokeMethod.evaluate(InvokeMethod.java:17)
	at org.junit.internal.runners.statements.RunBefores.evaluate(RunBefores.java:26)
	at org.springframework.test.context.junit4.statements.RunBeforeTestMethodCallbacks.evaluate(RunBeforeTestMethodCallbacks.java:74)
	at org.springframework.test.context.junit4.statements.RunAfterTestMethodCallbacks.evaluate(RunAfterTestMethodCallbacks.java:83)
	at org.springframework.test.context.junit4.statements.SpringRepeat.evaluate(SpringRepeat.java:72)
	at org.springframework.test.context.junit4.SpringJUnit4ClassRunner.runChild(SpringJUnit4ClassRunner.java:232)
	at org.springframework.test.context.junit4.SpringJUnit4ClassRunner.runChild(SpringJUnit4ClassRunner.java:89)
	at org.junit.runners.ParentRunner$3.run(ParentRunner.java:238)
	at org.junit.runners.ParentRunner$1.schedule(ParentRunner.java:63)
	at org.junit.runners.ParentRunner.runChildren(ParentRunner.java:236)
	at org.junit.runners.ParentRunner.access$000(ParentRunner.java:53)
	at org.junit.runners.ParentRunner$2.evaluate(ParentRunner.java:229)
	at org.springframework.test.context.junit4.statements.RunBeforeTestClassCallbacks.evaluate(RunBeforeTestClassCallbacks.java:61)
	at org.springframework.test.context.junit4.statements.RunAfterTestClassCallbacks.evaluate(RunAfterTestClassCallbacks.java:71)
	at org.junit.runners.ParentRunner.run(ParentRunner.java:309)
	at org.springframework.test.context.junit4.SpringJUnit4ClassRunner.run(SpringJUnit4ClassRunner.java:175)
	at org.apache.maven.surefire.junit4.JUnit4Provider.execute(JUnit4Provider.java:252)
	at org.apache.maven.surefire.junit4.JUnit4Provider.executeTestSet(JUnit4Provider.java:141)
	at org.apache.maven.surefire.junit4.JUnit4Provider.invoke(JUnit4Provider.java:112)
	at sun.reflect.NativeMethodAccessorImpl.invoke0(Native Method)
	at sun.reflect.NativeMethodAccessorImpl.invoke(NativeMethodAccessorImpl.java:57)
	at sun.reflect.DelegatingMethodAccessorImpl.invoke(DelegatingMethodAccessorImpl.java:43)
	at java.lang.reflect.Method.invoke(Method.java:606)
	at org.apache.maven.surefire.util.ReflectionUtils.invokeMethodWithArray(ReflectionUtils.java:189)
	at org.apache.maven.surefire.booter.ProviderFactory$ProviderProxy.invoke(ProviderFactory.java:165)
	at org.apache.maven.surefire.booter.ProviderFactory.invokeProvider(ProviderFactory.java:85)
	at org.apache.maven.surefire.booter.ForkedBooter.runSuitesInProcess(ForkedBooter.java:115)
	at org.apache.maven.surefire.booter.ForkedBooter.main(ForkedBooter.java:75)
</failure>
    <system-err>Oct 02, 2014 11:43:30 PM org.springframework.mock.web.MockServletContext log
INFO: Initializing Spring FrameworkServlet &apos;&apos;
Oct 02, 2014 11:43:30 PM org.springframework.test.web.servlet.TestDispatcherServlet initServletBean
INFO: FrameworkServlet &apos;&apos;: initialization started
Oct 02, 2014 11:43:30 PM org.springframework.web.servlet.mvc.annotation.DefaultAnnotationHandlerMapping registerHandler
INFO: Root mapping to handler &apos;homePageController&apos;
Oct 02, 2014 11:43:30 PM org.springframework.web.servlet.mvc.annotation.DefaultAnnotationHandlerMapping registerHandler
INFO: Mapped URL path [/testpagelinkback] onto handler &apos;homePageController&apos;
Oct 02, 2014 11:43:30 PM org.springframework.web.servlet.mvc.annotation.DefaultAnnotationHandlerMapping registerHandler
INFO: Mapped URL path [/testpagelinkback.*] onto handler &apos;homePageController&apos;
Oct 02, 2014 11:43:30 PM org.springframework.web.servlet.mvc.annotation.DefaultAnnotationHandlerMapping registerHandler
INFO: Mapped URL path [/testpagelinkback/] onto handler &apos;homePageController&apos;
Oct 02, 2014 11:43:30 PM org.springframework.web.servlet.mvc.annotation.DefaultAnnotationHandlerMapping registerHandler
INFO: Mapped URL path [/testpage] onto handler &apos;homePageController&apos;
Oct 02, 2014 11:43:30 PM org.springframework.web.servlet.mvc.annotation.DefaultAnnotationHandlerMapping registerHandler
INFO: Mapped URL path [/testpage.*] onto handler &apos;homePageController&apos;
Oct 02, 2014 11:43:30 PM org.springframework.web.servlet.mvc.annotation.DefaultAnnotationHandlerMapping registerHandler
INFO: Mapped URL path [/testpage/] onto handler &apos;homePageController&apos;
Oct 02, 2014 11:43:30 PM org.springframework.web.servlet.mvc.annotation.DefaultAnnotationHandlerMapping registerHandler
INFO: Mapped URL path [/httpCodes/form] onto handler &apos;httpCodeController&apos;
Oct 02, 2014 11:43:30 PM org.springframework.web.servlet.mvc.annotation.DefaultAnnotationHandlerMapping registerHandler
INFO: Mapped URL path [/httpCodes/form.*] onto handler &apos;httpCodeController&apos;
Oct 02, 2014 11:43:30 PM org.springframework.web.servlet.mvc.annotation.DefaultAnnotationHandlerMapping registerHandler
INFO: Mapped URL path [/httpCodes/form/] onto handler &apos;httpCodeController&apos;
Oct 02, 2014 11:43:30 PM org.springframework.web.servlet.mvc.annotation.DefaultAnnotationHandlerMapping registerHandler
INFO: Mapped URL path [/httpCodes/] onto handler &apos;httpCodeController&apos;
Oct 02, 2014 11:43:30 PM org.springframework.web.servlet.mvc.annotation.DefaultAnnotationHandlerMapping registerHandler
INFO: Mapped URL path [/comment/write] onto handler &apos;userCommentController&apos;
Oct 02, 2014 11:43:30 PM org.springframework.web.servlet.mvc.annotation.DefaultAnnotationHandlerMapping registerHandler
INFO: Mapped URL path [/comment/write.*] onto handler &apos;userCommentController&apos;
Oct 02, 2014 11:43:30 PM org.springframework.web.servlet.mvc.annotation.DefaultAnnotationHandlerMapping registerHandler
INFO: Mapped URL path [/comment/write/] onto handler &apos;userCommentController&apos;
Oct 02, 2014 11:43:30 PM org.springframework.web.servlet.mvc.annotation.DefaultAnnotationHandlerMapping registerHandler
INFO: Mapped URL path [/comment/] onto handler &apos;userCommentController&apos;
Oct 02, 2014 11:43:30 PM org.springframework.web.servlet.mvc.annotation.DefaultAnnotationHandlerMapping registerHandler
INFO: Mapped URL path [/comment/read] onto handler &apos;userCommentController&apos;
Oct 02, 2014 11:43:30 PM org.springframework.web.servlet.mvc.annotation.DefaultAnnotationHandlerMapping registerHandler
INFO: Mapped URL path [/comment/read.*] onto handler &apos;userCommentController&apos;
Oct 02, 2014 11:43:30 PM org.springframework.web.servlet.mvc.annotation.DefaultAnnotationHandlerMapping registerHandler
INFO: Mapped URL path [/comment/read/] onto handler &apos;userCommentController&apos;
Oct 02, 2014 11:43:30 PM org.springframework.web.servlet.mvc.annotation.DefaultAnnotationHandlerMapping registerHandler
INFO: Mapped URL path [/comment/delete] onto handler &apos;userCommentController&apos;
Oct 02, 2014 11:43:30 PM org.springframework.web.servlet.mvc.annotation.DefaultAnnotationHandlerMapping registerHandler
INFO: Mapped URL path [/comment/delete.*] onto handler &apos;userCommentController&apos;
Oct 02, 2014 11:43:30 PM org.springframework.web.servlet.mvc.annotation.DefaultAnnotationHandlerMapping registerHandler
INFO: Mapped URL path [/comment/delete/] onto handler &apos;userCommentController&apos;
Oct 02, 2014 11:43:30 PM org.springframework.test.web.servlet.TestDispatcherServlet initServletBean
INFO: FrameworkServlet &apos;&apos;: initialization completed in 34 ms
org.springframework.jdbc.CannotGetJdbcConnectionException: Could not get JDBC Connection; nested exception is com.mysql.jdbc.exceptions.jdbc4.CommunicationsException: Communications link failure

The last packet sent successfully to the server was 0 milliseconds ago. The driver has not received any packets from the server.
	at org.springframework.jdbc.datasource.DataSourceUtils.getConnection(DataSourceUtils.java:82)
	at org.springframework.jdbc.core.JdbcTemplate.execute(JdbcTemplate.java:328)
	at org.springframework.jdbc.core.JdbcTemplate.execute(JdbcTemplate.java:375)
	at com.fc572.repository.impl.UserCommentRepoImpl.deleteComment(UserCommentRepoImpl.java:51)
	at com.fc572.logic.impl.CommentServiceImpl.deleteComment(CommentServiceImpl.java:47)
	at com.fc572.controller.UserCommentController.deleteComment(UserCommentController.java:85)
	at sun.reflect.NativeMethodAccessorImpl.invoke0(Native Method)
	at sun.reflect.NativeMethodAccessorImpl.invoke(NativeMethodAccessorImpl.java:57)
	at sun.reflect.DelegatingMethodAccessorImpl.invoke(DelegatingMethodAccessorImpl.java:43)
	at java.lang.reflect.Method.invoke(Method.java:606)
	at org.springframework.web.bind.annotation.support.HandlerMethodInvoker.invokeHandlerMethod(HandlerMethodInvoker.java:175)
	at org.springframework.web.servlet.mvc.annotation.AnnotationMethodHandlerAdapter.invokeHandlerMethod(AnnotationMethodHandlerAdapter.java:446)
	at org.springframework.web.servlet.mvc.annotation.AnnotationMethodHandlerAdapter.handle(AnnotationMethodHandlerAdapter.java:434)
	at org.springframework.web.servlet.DispatcherServlet.doDispatch(DispatcherServlet.java:938)
	at org.springframework.web.servlet.DispatcherServlet.doService(DispatcherServlet.java:870)
	at org.springframework.web.servlet.FrameworkServlet.processRequest(FrameworkServlet.java:961)
	at org.springframework.web.servlet.FrameworkServlet.doDelete(FrameworkServlet.java:885)
	at javax.servlet.http.HttpServlet.service(HttpServlet.java:694)
	at org.springframework.web.servlet.FrameworkServlet.service(FrameworkServlet.java:837)
	at org.springframework.test.web.servlet.TestDispatcherServlet.service(TestDispatcherServlet.java:62)
	at javax.servlet.http.HttpServlet.service(HttpServlet.java:770)
	at org.springframework.mock.web.MockFilterChain$ServletFilterProxy.doFilter(MockFilterChain.java:170)
	at org.springframework.mock.web.MockFilterChain.doFilter(MockFilterChain.java:137)
	at org.springframework.test.web.servlet.MockMvc.perform(MockMvc.java:141)
	at com.fc572.domain.CommentTest.testDeleteCommentPage(CommentTest.java:87)
	at sun.reflect.NativeMethodAccessorImpl.invoke0(Native Method)
	at sun.reflect.NativeMethodAccessorImpl.invoke(NativeMethodAccessorImpl.java:57)
	at sun.reflect.DelegatingMethodAccessorImpl.invoke(DelegatingMethodAccessorImpl.java:43)
	at java.lang.reflect.Method.invoke(Method.java:606)
	at org.junit.runners.model.FrameworkMethod$1.runReflectiveCall(FrameworkMethod.java:47)
	at org.junit.internal.runners.model.ReflectiveCallable.run(ReflectiveCallable.java:12)
	at org.junit.runners.model.FrameworkMethod.invokeExplosively(FrameworkMethod.java:44)
	at org.junit.internal.runners.statements.InvokeMethod.evaluate(InvokeMethod.java:17)
	at org.junit.internal.runners.statements.RunBefores.evaluate(RunBefores.java:26)
	at org.springframework.test.context.junit4.statements.RunBeforeTestMethodCallbacks.evaluate(RunBeforeTestMethodCallbacks.java:74)
	at org.springframework.test.context.junit4.statements.RunAfterTestMethodCallbacks.evaluate(RunAfterTestMethodCallbacks.java:83)
	at org.springframework.test.context.junit4.statements.SpringRepeat.evaluate(SpringRepeat.java:72)
	at org.springframework.test.context.junit4.SpringJUnit4ClassRunner.runChild(SpringJUnit4ClassRunner.java:232)
	at org.springframework.test.context.junit4.SpringJUnit4ClassRunner.runChild(SpringJUnit4ClassRunner.java:89)
	at org.junit.runners.ParentRunner$3.run(ParentRunner.java:238)
	at org.junit.runners.ParentRunner$1.schedule(ParentRunner.java:63)
	at org.junit.runners.ParentRunner.runChildren(ParentRunner.java:236)
	at org.junit.runners.ParentRunner.access$000(ParentRunner.java:53)
	at org.junit.runners.ParentRunner$2.evaluate(ParentRunner.java:229)
	at org.springframework.test.context.junit4.statements.RunBeforeTestClassCallbacks.evaluate(RunBeforeTestClassCallbacks.java:61)
	at org.springframework.test.context.junit4.statements.RunAfterTestClassCallbacks.evaluate(RunAfterTestClassCallbacks.java:71)
	at org.junit.runners.ParentRunner.run(ParentRunner.java:309)
	at org.springframework.test.context.junit4.SpringJUnit4ClassRunner.run(SpringJUnit4ClassRunner.java:175)
	at org.apache.maven.surefire.junit4.JUnit4Provider.execute(JUnit4Provider.java:252)
	at org.apache.maven.surefire.junit4.JUnit4Provider.executeTestSet(JUnit4Provider.java:141)
	at org.apache.maven.surefire.junit4.JUnit4Provider.invoke(JUnit4Provider.java:112)
	at sun.reflect.NativeMethodAccessorImpl.invoke0(Native Method)
	at sun.reflect.NativeMethodAccessorImpl.invoke(NativeMethodAccessorImpl.java:57)
	at sun.reflect.DelegatingMethodAccessorImpl.invoke(DelegatingMethodAccessorImpl.java:43)
	at java.lang.reflect.Method.invoke(Method.java:606)
	at org.apache.maven.surefire.util.ReflectionUtils.invokeMethodWithArray(ReflectionUtils.java:189)
	at org.apache.maven.surefire.booter.ProviderFactory$ProviderProxy.invoke(ProviderFactory.java:165)
	at org.apache.maven.surefire.booter.ProviderFactory.invokeProvider(ProviderFactory.java:85)
	at org.apache.maven.surefire.booter.ForkedBooter.runSuitesInProcess(ForkedBooter.java:115)
	at org.apache.maven.surefire.booter.ForkedBooter.main(ForkedBooter.java:75)
Caused by: com.mysql.jdbc.exceptions.jdbc4.CommunicationsException: Communications link failure

The last packet sent successfully to the server was 0 milliseconds ago. The driver has not received any packets from the server.
	at sun.reflect.NativeConstructorAccessorImpl.newInstance0(Native Method)
	at sun.reflect.NativeConstructorAccessorImpl.newInstance(NativeConstructorAccessorImpl.java:57)
	at sun.reflect.DelegatingConstructorAccessorImpl.newInstance(DelegatingConstructorAccessorImpl.java:45)
	at java.lang.reflect.Constructor.newInstance(Constructor.java:526)
	at com.mysql.jdbc.Util.handleNewInstance(Util.java:408)
	at com.mysql.jdbc.SQLError.createCommunicationsException(SQLError.java:1137)
	at com.mysql.jdbc.MysqlIO.&lt;init&gt;(MysqlIO.java:355)
	at com.mysql.jdbc.ConnectionImpl.coreConnect(ConnectionImpl.java:2490)
	at com.mysql.jdbc.ConnectionImpl.connectOneTryOnly(ConnectionImpl.java:2527)
	at com.mysql.jdbc.ConnectionImpl.createNewIO(ConnectionImpl.java:2309)
	at com.mysql.jdbc.ConnectionImpl.&lt;init&gt;(ConnectionImpl.java:834)
	at com.mysql.jdbc.JDBC4Connection.&lt;init&gt;(JDBC4Connection.java:46)
	at sun.reflect.NativeConstructorAccessorImpl.newInstance0(Native Method)
	at sun.reflect.NativeConstructorAccessorImpl.newInstance(NativeConstructorAccessorImpl.java:57)
	at sun.reflect.DelegatingConstructorAccessorImpl.newInstance(DelegatingConstructorAccessorImpl.java:45)
	at java.lang.reflect.Constructor.newInstance(Constructor.java:526)
	at com.mysql.jdbc.Util.handleNewInstance(Util.java:408)
	at com.mysql.jdbc.ConnectionImpl.getInstance(ConnectionImpl.java:419)
	at com.mysql.jdbc.NonRegisteringDriver.connect(NonRegisteringDriver.java:344)
	at java.sql.DriverManager.getConnection(DriverManager.java:571)
	at java.sql.DriverManager.getConnection(DriverManager.java:187)
	at org.springframework.jdbc.datasource.DriverManagerDataSource.getConnectionFromDriverManager(DriverManagerDataSource.java:291)
	at org.springframework.jdbc.datasource.DriverManagerDataSource.getConnectionFromDriverManager(DriverManagerDataSource.java:277)
	at org.springframework.jdbc.datasource.DriverManagerDataSource.getConnectionFromDriverManager(DriverManagerDataSource.java:259)
	at org.springframework.jdbc.datasource.DriverManagerDataSource.getConnection(DriverManagerDataSource.java:240)
	at org.springframework.jdbc.datasource.DataSourceUtils.doGetConnection(DataSourceUtils.java:113)
	at org.springframework.jdbc.datasource.DataSourceUtils.getConnection(DataSourceUtils.java:79)
	... 59 more
Caused by: java.net.ConnectException: Connection refused: connect
	at java.net.DualStackPlainSocketImpl.connect0(Native Method)
	at java.net.DualStackPlainSocketImpl.socketConnect(DualStackPlainSocketImpl.java:79)
	at java.net.AbstractPlainSocketImpl.doConnect(AbstractPlainSocketImpl.java:339)
	at java.net.AbstractPlainSocketImpl.connectToAddress(AbstractPlainSocketImpl.java:200)
	at java.net.AbstractPlainSocketImpl.connect(AbstractPlainSocketImpl.java:182)
	at java.net.PlainSocketImpl.connect(PlainSocketImpl.java:172)
	at java.net.SocksSocketImpl.connect(SocksSocketImpl.java:392)
	at java.net.Socket.connect(Socket.java:579)
	at java.net.Socket.connect(Socket.java:528)
	at java.net.Socket.&lt;init&gt;(Socket.java:425)
	at java.net.Socket.&lt;init&gt;(Socket.java:241)
	at com.mysql.jdbc.StandardSocketFactory.connect(StandardSocketFactory.java:258)
	at com.mysql.jdbc.MysqlIO.&lt;init&gt;(MysqlIO.java:305)
	... 79 more
</system-err>
  </testcase>
  <testcase time="2.055" classname="com.fc572.domain.CommentTest" name="testWriteCommentPage">
    <failure message="Model attribute &apos;message&apos;
Expected: a string containing &quot;Your comment has been saved&quot;
     but: was &quot;It was not possible to save your comment&quot;" type="java.lang.AssertionError">java.lang.AssertionError: Model attribute &apos;message&apos;
Expected: a string containing &quot;Your comment has been saved&quot;
     but: was &quot;It was not possible to save your comment&quot;
	at org.springframework.test.util.MatcherAssertionErrors.assertThat(MatcherAssertionErrors.java:76)
	at org.springframework.test.web.servlet.result.ModelResultMatchers$1.match(ModelResultMatchers.java:57)
	at org.springframework.test.web.servlet.MockMvc$1.andExpect(MockMvc.java:149)
	at com.fc572.domain.CommentTest.testWriteCommentPage(CommentTest.java:73)
	at sun.reflect.NativeMethodAccessorImpl.invoke0(Native Method)
	at sun.reflect.NativeMethodAccessorImpl.invoke(NativeMethodAccessorImpl.java:57)
	at sun.reflect.DelegatingMethodAccessorImpl.invoke(DelegatingMethodAccessorImpl.java:43)
	at java.lang.reflect.Method.invoke(Method.java:606)
	at org.junit.runners.model.FrameworkMethod$1.runReflectiveCall(FrameworkMethod.java:47)
	at org.junit.internal.runners.model.ReflectiveCallable.run(ReflectiveCallable.java:12)
	at org.junit.runners.model.FrameworkMethod.invokeExplosively(FrameworkMethod.java:44)
	at org.junit.internal.runners.statements.InvokeMethod.evaluate(InvokeMethod.java:17)
	at org.junit.internal.runners.statements.RunBefores.evaluate(RunBefores.java:26)
	at org.springframework.test.context.junit4.statements.RunBeforeTestMethodCallbacks.evaluate(RunBeforeTestMethodCallbacks.java:74)
	at org.springframework.test.context.junit4.statements.RunAfterTestMethodCallbacks.evaluate(RunAfterTestMethodCallbacks.java:83)
	at org.springframework.test.context.junit4.statements.SpringRepeat.evaluate(SpringRepeat.java:72)
	at org.springframework.test.context.junit4.SpringJUnit4ClassRunner.runChild(SpringJUnit4ClassRunner.java:232)
	at org.springframework.test.context.junit4.SpringJUnit4ClassRunner.runChild(SpringJUnit4ClassRunner.java:89)
	at org.junit.runners.ParentRunner$3.run(ParentRunner.java:238)
	at org.junit.runners.ParentRunner$1.schedule(ParentRunner.java:63)
	at org.junit.runners.ParentRunner.runChildren(ParentRunner.java:236)
	at org.junit.runners.ParentRunner.access$000(ParentRunner.java:53)
	at org.junit.runners.ParentRunner$2.evaluate(ParentRunner.java:229)
	at org.springframework.test.context.junit4.statements.RunBeforeTestClassCallbacks.evaluate(RunBeforeTestClassCallbacks.java:61)
	at org.springframework.test.context.junit4.statements.RunAfterTestClassCallbacks.evaluate(RunAfterTestClassCallbacks.java:71)
	at org.junit.runners.ParentRunner.run(ParentRunner.java:309)
	at org.springframework.test.context.junit4.SpringJUnit4ClassRunner.run(SpringJUnit4ClassRunner.java:175)
	at org.apache.maven.surefire.junit4.JUnit4Provider.execute(JUnit4Provider.java:252)
	at org.apache.maven.surefire.junit4.JUnit4Provider.executeTestSet(JUnit4Provider.java:141)
	at org.apache.maven.surefire.junit4.JUnit4Provider.invoke(JUnit4Provider.java:112)
	at sun.reflect.NativeMethodAccessorImpl.invoke0(Native Method)
	at sun.reflect.NativeMethodAccessorImpl.invoke(NativeMethodAccessorImpl.java:57)
	at sun.reflect.DelegatingMethodAccessorImpl.invoke(DelegatingMethodAccessorImpl.java:43)
	at java.lang.reflect.Method.invoke(Method.java:606)
	at org.apache.maven.surefire.util.ReflectionUtils.invokeMethodWithArray(ReflectionUtils.java:189)
	at org.apache.maven.surefire.booter.ProviderFactory$ProviderProxy.invoke(ProviderFactory.java:165)
	at org.apache.maven.surefire.booter.ProviderFactory.invokeProvider(ProviderFactory.java:85)
	at org.apache.maven.surefire.booter.ForkedBooter.runSuitesInProcess(ForkedBooter.java:115)
	at org.apache.maven.surefire.booter.ForkedBooter.main(ForkedBooter.java:75)
</failure>
    <system-err>Oct 02, 2014 11:43:33 PM org.springframework.mock.web.MockServletContext log
INFO: Initializing Spring FrameworkServlet &apos;&apos;
Oct 02, 2014 11:43:33 PM org.springframework.test.web.servlet.TestDispatcherServlet initServletBean
INFO: FrameworkServlet &apos;&apos;: initialization started
Oct 02, 2014 11:43:33 PM org.springframework.web.servlet.mvc.annotation.DefaultAnnotationHandlerMapping registerHandler
INFO: Root mapping to handler &apos;homePageController&apos;
Oct 02, 2014 11:43:33 PM org.springframework.web.servlet.mvc.annotation.DefaultAnnotationHandlerMapping registerHandler
INFO: Mapped URL path [/testpagelinkback] onto handler &apos;homePageController&apos;
Oct 02, 2014 11:43:33 PM org.springframework.web.servlet.mvc.annotation.DefaultAnnotationHandlerMapping registerHandler
INFO: Mapped URL path [/testpagelinkback.*] onto handler &apos;homePageController&apos;
Oct 02, 2014 11:43:33 PM org.springframework.web.servlet.mvc.annotation.DefaultAnnotationHandlerMapping registerHandler
INFO: Mapped URL path [/testpagelinkback/] onto handler &apos;homePageController&apos;
Oct 02, 2014 11:43:33 PM org.springframework.web.servlet.mvc.annotation.DefaultAnnotationHandlerMapping registerHandler
INFO: Mapped URL path [/testpage] onto handler &apos;homePageController&apos;
Oct 02, 2014 11:43:33 PM org.springframework.web.servlet.mvc.annotation.DefaultAnnotationHandlerMapping registerHandler
INFO: Mapped URL path [/testpage.*] onto handler &apos;homePageController&apos;
Oct 02, 2014 11:43:33 PM org.springframework.web.servlet.mvc.annotation.DefaultAnnotationHandlerMapping registerHandler
INFO: Mapped URL path [/testpage/] onto handler &apos;homePageController&apos;
Oct 02, 2014 11:43:33 PM org.springframework.web.servlet.mvc.annotation.DefaultAnnotationHandlerMapping registerHandler
INFO: Mapped URL path [/httpCodes/form] onto handler &apos;httpCodeController&apos;
Oct 02, 2014 11:43:33 PM org.springframework.web.servlet.mvc.annotation.DefaultAnnotationHandlerMapping registerHandler
INFO: Mapped URL path [/httpCodes/form.*] onto handler &apos;httpCodeController&apos;
Oct 02, 2014 11:43:33 PM org.springframework.web.servlet.mvc.annotation.DefaultAnnotationHandlerMapping registerHandler
INFO: Mapped URL path [/httpCodes/form/] onto handler &apos;httpCodeController&apos;
Oct 02, 2014 11:43:33 PM org.springframework.web.servlet.mvc.annotation.DefaultAnnotationHandlerMapping registerHandler
INFO: Mapped URL path [/httpCodes/] onto handler &apos;httpCodeController&apos;
Oct 02, 2014 11:43:33 PM org.springframework.web.servlet.mvc.annotation.DefaultAnnotationHandlerMapping registerHandler
INFO: Mapped URL path [/comment/write] onto handler &apos;userCommentController&apos;
Oct 02, 2014 11:43:33 PM org.springframework.web.servlet.mvc.annotation.DefaultAnnotationHandlerMapping registerHandler
INFO: Mapped URL path [/comment/write.*] onto handler &apos;userCommentController&apos;
Oct 02, 2014 11:43:33 PM org.springframework.web.servlet.mvc.annotation.DefaultAnnotationHandlerMapping registerHandler
INFO: Mapped URL path [/comment/write/] onto handler &apos;userCommentController&apos;
Oct 02, 2014 11:43:33 PM org.springframework.web.servlet.mvc.annotation.DefaultAnnotationHandlerMapping registerHandler
INFO: Mapped URL path [/comment/] onto handler &apos;userCommentController&apos;
Oct 02, 2014 11:43:33 PM org.springframework.web.servlet.mvc.annotation.DefaultAnnotationHandlerMapping registerHandler
INFO: Mapped URL path [/comment/read] onto handler &apos;userCommentController&apos;
Oct 02, 2014 11:43:33 PM org.springframework.web.servlet.mvc.annotation.DefaultAnnotationHandlerMapping registerHandler
INFO: Mapped URL path [/comment/read.*] onto handler &apos;userCommentController&apos;
Oct 02, 2014 11:43:33 PM org.springframework.web.servlet.mvc.annotation.DefaultAnnotationHandlerMapping registerHandler
INFO: Mapped URL path [/comment/read/] onto handler &apos;userCommentController&apos;
Oct 02, 2014 11:43:33 PM org.springframework.web.servlet.mvc.annotation.DefaultAnnotationHandlerMapping registerHandler
INFO: Mapped URL path [/comment/delete] onto handler &apos;userCommentController&apos;
Oct 02, 2014 11:43:33 PM org.springframework.web.servlet.mvc.annotation.DefaultAnnotationHandlerMapping registerHandler
INFO: Mapped URL path [/comment/delete.*] onto handler &apos;userCommentController&apos;
Oct 02, 2014 11:43:33 PM org.springframework.web.servlet.mvc.annotation.DefaultAnnotationHandlerMapping registerHandler
INFO: Mapped URL path [/comment/delete/] onto handler &apos;userCommentController&apos;
Oct 02, 2014 11:43:33 PM org.springframework.test.web.servlet.TestDispatcherServlet initServletBean
INFO: FrameworkServlet &apos;&apos;: initialization completed in 36 ms
org.springframework.jdbc.CannotGetJdbcConnectionException: Could not get JDBC Connection; nested exception is com.mysql.jdbc.exceptions.jdbc4.CommunicationsException: Communications link failure

The last packet sent successfully to the server was 0 milliseconds ago. The driver has not received any packets from the server.
	at org.springframework.jdbc.datasource.DataSourceUtils.getConnection(DataSourceUtils.java:82)
	at org.springframework.jdbc.core.JdbcTemplate.execute(JdbcTemplate.java:328)
	at org.springframework.jdbc.core.JdbcTemplate.execute(JdbcTemplate.java:375)
	at com.fc572.repository.impl.UserCommentRepoImpl.writeUserComment(UserCommentRepoImpl.java:28)
	at com.fc572.logic.impl.CommentServiceImpl.writeComment(CommentServiceImpl.java:33)
	at com.fc572.controller.UserCommentController.writeComment(UserCommentController.java:68)
	at sun.reflect.NativeMethodAccessorImpl.invoke0(Native Method)
	at sun.reflect.NativeMethodAccessorImpl.invoke(NativeMethodAccessorImpl.java:57)
	at sun.reflect.DelegatingMethodAccessorImpl.invoke(DelegatingMethodAccessorImpl.java:43)
	at java.lang.reflect.Method.invoke(Method.java:606)
	at org.springframework.web.bind.annotation.support.HandlerMethodInvoker.invokeHandlerMethod(HandlerMethodInvoker.java:175)
	at org.springframework.web.servlet.mvc.annotation.AnnotationMethodHandlerAdapter.invokeHandlerMethod(AnnotationMethodHandlerAdapter.java:446)
	at org.springframework.web.servlet.mvc.annotation.AnnotationMethodHandlerAdapter.handle(AnnotationMethodHandlerAdapter.java:434)
	at org.springframework.web.servlet.DispatcherServlet.doDispatch(DispatcherServlet.java:938)
	at org.springframework.web.servlet.DispatcherServlet.doService(DispatcherServlet.java:870)
	at org.springframework.web.servlet.FrameworkServlet.processRequest(FrameworkServlet.java:961)
	at org.springframework.web.servlet.FrameworkServlet.doPost(FrameworkServlet.java:863)
	at javax.servlet.http.HttpServlet.service(HttpServlet.java:688)
	at org.springframework.web.servlet.FrameworkServlet.service(FrameworkServlet.java:837)
	at org.springframework.test.web.servlet.TestDispatcherServlet.service(TestDispatcherServlet.java:62)
	at javax.servlet.http.HttpServlet.service(HttpServlet.java:770)
	at org.springframework.mock.web.MockFilterChain$ServletFilterProxy.doFilter(MockFilterChain.java:170)
	at org.springframework.mock.web.MockFilterChain.doFilter(MockFilterChain.java:137)
	at org.springframework.test.web.servlet.MockMvc.perform(MockMvc.java:141)
	at com.fc572.domain.CommentTest.testWriteCommentPage(CommentTest.java:73)
	at sun.reflect.NativeMethodAccessorImpl.invoke0(Native Method)
	at sun.reflect.NativeMethodAccessorImpl.invoke(NativeMethodAccessorImpl.java:57)
	at sun.reflect.DelegatingMethodAccessorImpl.invoke(DelegatingMethodAccessorImpl.java:43)
	at java.lang.reflect.Method.invoke(Method.java:606)
	at org.junit.runners.model.FrameworkMethod$1.runReflectiveCall(FrameworkMethod.java:47)
	at org.junit.internal.runners.model.ReflectiveCallable.run(ReflectiveCallable.java:12)
	at org.junit.runners.model.FrameworkMethod.invokeExplosively(FrameworkMethod.java:44)
	at org.junit.internal.runners.statements.InvokeMethod.evaluate(InvokeMethod.java:17)
	at org.junit.internal.runners.statements.RunBefores.evaluate(RunBefores.java:26)
	at org.springframework.test.context.junit4.statements.RunBeforeTestMethodCallbacks.evaluate(RunBeforeTestMethodCallbacks.java:74)
	at org.springframework.test.context.junit4.statements.RunAfterTestMethodCallbacks.evaluate(RunAfterTestMethodCallbacks.java:83)
	at org.springframework.test.context.junit4.statements.SpringRepeat.evaluate(SpringRepeat.java:72)
	at org.springframework.test.context.junit4.SpringJUnit4ClassRunner.runChild(SpringJUnit4ClassRunner.java:232)
	at org.springframework.test.context.junit4.SpringJUnit4ClassRunner.runChild(SpringJUnit4ClassRunner.java:89)
	at org.junit.runners.ParentRunner$3.run(ParentRunner.java:238)
	at org.junit.runners.ParentRunner$1.schedule(ParentRunner.java:63)
	at org.junit.runners.ParentRunner.runChildren(ParentRunner.java:236)
	at org.junit.runners.ParentRunner.access$000(ParentRunner.java:53)
	at org.junit.runners.ParentRunner$2.evaluate(ParentRunner.java:229)
	at org.springframework.test.context.junit4.statements.RunBeforeTestClassCallbacks.evaluate(RunBeforeTestClassCallbacks.java:61)
	at org.springframework.test.context.junit4.statements.RunAfterTestClassCallbacks.evaluate(RunAfterTestClassCallbacks.java:71)
	at org.junit.runners.ParentRunner.run(ParentRunner.java:309)
	at org.springframework.test.context.junit4.SpringJUnit4ClassRunner.run(SpringJUnit4ClassRunner.java:175)
	at org.apache.maven.surefire.junit4.JUnit4Provider.execute(JUnit4Provider.java:252)
	at org.apache.maven.surefire.junit4.JUnit4Provider.executeTestSet(JUnit4Provider.java:141)
	at org.apache.maven.surefire.junit4.JUnit4Provider.invoke(JUnit4Provider.java:112)
	at sun.reflect.NativeMethodAccessorImpl.invoke0(Native Method)
	at sun.reflect.NativeMethodAccessorImpl.invoke(NativeMethodAccessorImpl.java:57)
	at sun.reflect.DelegatingMethodAccessorImpl.invoke(DelegatingMethodAccessorImpl.java:43)
	at java.lang.reflect.Method.invoke(Method.java:606)
	at org.apache.maven.surefire.util.ReflectionUtils.invokeMethodWithArray(ReflectionUtils.java:189)
	at org.apache.maven.surefire.booter.ProviderFactory$ProviderProxy.invoke(ProviderFactory.java:165)
	at org.apache.maven.surefire.booter.ProviderFactory.invokeProvider(ProviderFactory.java:85)
	at org.apache.maven.surefire.booter.ForkedBooter.runSuitesInProcess(ForkedBooter.java:115)
	at org.apache.maven.surefire.booter.ForkedBooter.main(ForkedBooter.java:75)
Caused by: com.mysql.jdbc.exceptions.jdbc4.CommunicationsException: Communications link failure

The last packet sent successfully to the server was 0 milliseconds ago. The driver has not received any packets from the server.
	at sun.reflect.NativeConstructorAccessorImpl.newInstance0(Native Method)
	at sun.reflect.NativeConstructorAccessorImpl.newInstance(NativeConstructorAccessorImpl.java:57)
	at sun.reflect.DelegatingConstructorAccessorImpl.newInstance(DelegatingConstructorAccessorImpl.java:45)
	at java.lang.reflect.Constructor.newInstance(Constructor.java:526)
	at com.mysql.jdbc.Util.handleNewInstance(Util.java:408)
	at com.mysql.jdbc.SQLError.createCommunicationsException(SQLError.java:1137)
	at com.mysql.jdbc.MysqlIO.&lt;init&gt;(MysqlIO.java:355)
	at com.mysql.jdbc.ConnectionImpl.coreConnect(ConnectionImpl.java:2490)
	at com.mysql.jdbc.ConnectionImpl.connectOneTryOnly(ConnectionImpl.java:2527)
	at com.mysql.jdbc.ConnectionImpl.createNewIO(ConnectionImpl.java:2309)
	at com.mysql.jdbc.ConnectionImpl.&lt;init&gt;(ConnectionImpl.java:834)
	at com.mysql.jdbc.JDBC4Connection.&lt;init&gt;(JDBC4Connection.java:46)
	at sun.reflect.NativeConstructorAccessorImpl.newInstance0(Native Method)
	at sun.reflect.NativeConstructorAccessorImpl.newInstance(NativeConstructorAccessorImpl.java:57)
	at sun.reflect.DelegatingConstructorAccessorImpl.newInstance(DelegatingConstructorAccessorImpl.java:45)
	at java.lang.reflect.Constructor.newInstance(Constructor.java:526)
	at com.mysql.jdbc.Util.handleNewInstance(Util.java:408)
	at com.mysql.jdbc.ConnectionImpl.getInstance(ConnectionImpl.java:419)
	at com.mysql.jdbc.NonRegisteringDriver.connect(NonRegisteringDriver.java:344)
	at java.sql.DriverManager.getConnection(DriverManager.java:571)
	at java.sql.DriverManager.getConnection(DriverManager.java:187)
	at org.springframework.jdbc.datasource.DriverManagerDataSource.getConnectionFromDriverManager(DriverManagerDataSource.java:291)
	at org.springframework.jdbc.datasource.DriverManagerDataSource.getConnectionFromDriverManager(DriverManagerDataSource.java:277)
	at org.springframework.jdbc.datasource.DriverManagerDataSource.getConnectionFromDriverManager(DriverManagerDataSource.java:259)
	at org.springframework.jdbc.datasource.DriverManagerDataSource.getConnection(DriverManagerDataSource.java:240)
	at org.springframework.jdbc.datasource.DataSourceUtils.doGetConnection(DataSourceUtils.java:113)
	at org.springframework.jdbc.datasource.DataSourceUtils.getConnection(DataSourceUtils.java:79)
	... 59 more
Caused by: java.net.ConnectException: Connection refused: connect
	at java.net.DualStackPlainSocketImpl.connect0(Native Method)
	at java.net.DualStackPlainSocketImpl.socketConnect(DualStackPlainSocketImpl.java:79)
	at java.net.AbstractPlainSocketImpl.doConnect(AbstractPlainSocketImpl.java:339)
	at java.net.AbstractPlainSocketImpl.connectToAddress(AbstractPlainSocketImpl.java:200)
	at java.net.AbstractPlainSocketImpl.connect(AbstractPlainSocketImpl.java:182)
	at java.net.PlainSocketImpl.connect(PlainSocketImpl.java:172)
	at java.net.SocksSocketImpl.connect(SocksSocketImpl.java:392)
	at java.net.Socket.connect(Socket.java:579)
	at java.net.Socket.connect(Socket.java:528)
	at java.net.Socket.&lt;init&gt;(Socket.java:425)
	at java.net.Socket.&lt;init&gt;(Socket.java:241)
	at com.mysql.jdbc.StandardSocketFactory.connect(StandardSocketFactory.java:258)
	at com.mysql.jdbc.MysqlIO.&lt;init&gt;(MysqlIO.java:305)
	... 79 more
</system-err>
  </testcase>
  <testcase time="2.044" classname="com.fc572.domain.CommentTest" name="testReadCommentPage">
    <failure message="Model attribute &apos;message&apos;
Expected: a string containing &quot;Please insert a comment&quot;
     but: was &quot;There isn&apos;t a comment for this user&quot;" type="java.lang.AssertionError">java.lang.AssertionError: Model attribute &apos;message&apos;
Expected: a string containing &quot;Please insert a comment&quot;
     but: was &quot;There isn&apos;t a comment for this user&quot;
	at org.springframework.test.util.MatcherAssertionErrors.assertThat(MatcherAssertionErrors.java:76)
	at org.springframework.test.web.servlet.result.ModelResultMatchers$1.match(ModelResultMatchers.java:57)
	at org.springframework.test.web.servlet.MockMvc$1.andExpect(MockMvc.java:149)
	at com.fc572.domain.CommentTest.testReadCommentPage(CommentTest.java:58)
	at sun.reflect.NativeMethodAccessorImpl.invoke0(Native Method)
	at sun.reflect.NativeMethodAccessorImpl.invoke(NativeMethodAccessorImpl.java:57)
	at sun.reflect.DelegatingMethodAccessorImpl.invoke(DelegatingMethodAccessorImpl.java:43)
	at java.lang.reflect.Method.invoke(Method.java:606)
	at org.junit.runners.model.FrameworkMethod$1.runReflectiveCall(FrameworkMethod.java:47)
	at org.junit.internal.runners.model.ReflectiveCallable.run(ReflectiveCallable.java:12)
	at org.junit.runners.model.FrameworkMethod.invokeExplosively(FrameworkMethod.java:44)
	at org.junit.internal.runners.statements.InvokeMethod.evaluate(InvokeMethod.java:17)
	at org.junit.internal.runners.statements.RunBefores.evaluate(RunBefores.java:26)
	at org.springframework.test.context.junit4.statements.RunBeforeTestMethodCallbacks.evaluate(RunBeforeTestMethodCallbacks.java:74)
	at org.springframework.test.context.junit4.statements.RunAfterTestMethodCallbacks.evaluate(RunAfterTestMethodCallbacks.java:83)
	at org.springframework.test.context.junit4.statements.SpringRepeat.evaluate(SpringRepeat.java:72)
	at org.springframework.test.context.junit4.SpringJUnit4ClassRunner.runChild(SpringJUnit4ClassRunner.java:232)
	at org.springframework.test.context.junit4.SpringJUnit4ClassRunner.runChild(SpringJUnit4ClassRunner.java:89)
	at org.junit.runners.ParentRunner$3.run(ParentRunner.java:238)
	at org.junit.runners.ParentRunner$1.schedule(ParentRunner.java:63)
	at org.junit.runners.ParentRunner.runChildren(ParentRunner.java:236)
	at org.junit.runners.ParentRunner.access$000(ParentRunner.java:53)
	at org.junit.runners.ParentRunner$2.evaluate(ParentRunner.java:229)
	at org.springframework.test.context.junit4.statements.RunBeforeTestClassCallbacks.evaluate(RunBeforeTestClassCallbacks.java:61)
	at org.springframework.test.context.junit4.statements.RunAfterTestClassCallbacks.evaluate(RunAfterTestClassCallbacks.java:71)
	at org.junit.runners.ParentRunner.run(ParentRunner.java:309)
	at org.springframework.test.context.junit4.SpringJUnit4ClassRunner.run(SpringJUnit4ClassRunner.java:175)
	at org.apache.maven.surefire.junit4.JUnit4Provider.execute(JUnit4Provider.java:252)
	at org.apache.maven.surefire.junit4.JUnit4Provider.executeTestSet(JUnit4Provider.java:141)
	at org.apache.maven.surefire.junit4.JUnit4Provider.invoke(JUnit4Provider.java:112)
	at sun.reflect.NativeMethodAccessorImpl.invoke0(Native Method)
	at sun.reflect.NativeMethodAccessorImpl.invoke(NativeMethodAccessorImpl.java:57)
	at sun.reflect.DelegatingMethodAccessorImpl.invoke(DelegatingMethodAccessorImpl.java:43)
	at java.lang.reflect.Method.invoke(Method.java:606)
	at org.apache.maven.surefire.util.ReflectionUtils.invokeMethodWithArray(ReflectionUtils.java:189)
	at org.apache.maven.surefire.booter.ProviderFactory$ProviderProxy.invoke(ProviderFactory.java:165)
	at org.apache.maven.surefire.booter.ProviderFactory.invokeProvider(ProviderFactory.java:85)
	at org.apache.maven.surefire.booter.ForkedBooter.runSuitesInProcess(ForkedBooter.java:115)
	at org.apache.maven.surefire.booter.ForkedBooter.main(ForkedBooter.java:75)
</failure>
    <system-err>Oct 02, 2014 11:43:35 PM org.springframework.mock.web.MockServletContext log
INFO: Initializing Spring FrameworkServlet &apos;&apos;
Oct 02, 2014 11:43:35 PM org.springframework.test.web.servlet.TestDispatcherServlet initServletBean
INFO: FrameworkServlet &apos;&apos;: initialization started
Oct 02, 2014 11:43:35 PM org.springframework.web.servlet.mvc.annotation.DefaultAnnotationHandlerMapping registerHandler
INFO: Root mapping to handler &apos;homePageController&apos;
Oct 02, 2014 11:43:35 PM org.springframework.web.servlet.mvc.annotation.DefaultAnnotationHandlerMapping registerHandler
INFO: Mapped URL path [/testpagelinkback] onto handler &apos;homePageController&apos;
Oct 02, 2014 11:43:35 PM org.springframework.web.servlet.mvc.annotation.DefaultAnnotationHandlerMapping registerHandler
INFO: Mapped URL path [/testpagelinkback.*] onto handler &apos;homePageController&apos;
Oct 02, 2014 11:43:35 PM org.springframework.web.servlet.mvc.annotation.DefaultAnnotationHandlerMapping registerHandler
INFO: Mapped URL path [/testpagelinkback/] onto handler &apos;homePageController&apos;
Oct 02, 2014 11:43:35 PM org.springframework.web.servlet.mvc.annotation.DefaultAnnotationHandlerMapping registerHandler
INFO: Mapped URL path [/testpage] onto handler &apos;homePageController&apos;
Oct 02, 2014 11:43:35 PM org.springframework.web.servlet.mvc.annotation.DefaultAnnotationHandlerMapping registerHandler
INFO: Mapped URL path [/testpage.*] onto handler &apos;homePageController&apos;
Oct 02, 2014 11:43:35 PM org.springframework.web.servlet.mvc.annotation.DefaultAnnotationHandlerMapping registerHandler
INFO: Mapped URL path [/testpage/] onto handler &apos;homePageController&apos;
Oct 02, 2014 11:43:35 PM org.springframework.web.servlet.mvc.annotation.DefaultAnnotationHandlerMapping registerHandler
INFO: Mapped URL path [/httpCodes/form] onto handler &apos;httpCodeController&apos;
Oct 02, 2014 11:43:35 PM org.springframework.web.servlet.mvc.annotation.DefaultAnnotationHandlerMapping registerHandler
INFO: Mapped URL path [/httpCodes/form.*] onto handler &apos;httpCodeController&apos;
Oct 02, 2014 11:43:35 PM org.springframework.web.servlet.mvc.annotation.DefaultAnnotationHandlerMapping registerHandler
INFO: Mapped URL path [/httpCodes/form/] onto handler &apos;httpCodeController&apos;
Oct 02, 2014 11:43:35 PM org.springframework.web.servlet.mvc.annotation.DefaultAnnotationHandlerMapping registerHandler
INFO: Mapped URL path [/httpCodes/] onto handler &apos;httpCodeController&apos;
Oct 02, 2014 11:43:35 PM org.springframework.web.servlet.mvc.annotation.DefaultAnnotationHandlerMapping registerHandler
INFO: Mapped URL path [/comment/write] onto handler &apos;userCommentController&apos;
Oct 02, 2014 11:43:35 PM org.springframework.web.servlet.mvc.annotation.DefaultAnnotationHandlerMapping registerHandler
INFO: Mapped URL path [/comment/write.*] onto handler &apos;userCommentController&apos;
Oct 02, 2014 11:43:35 PM org.springframework.web.servlet.mvc.annotation.DefaultAnnotationHandlerMapping registerHandler
INFO: Mapped URL path [/comment/write/] onto handler &apos;userCommentController&apos;
Oct 02, 2014 11:43:35 PM org.springframework.web.servlet.mvc.annotation.DefaultAnnotationHandlerMapping registerHandler
INFO: Mapped URL path [/comment/] onto handler &apos;userCommentController&apos;
Oct 02, 2014 11:43:35 PM org.springframework.web.servlet.mvc.annotation.DefaultAnnotationHandlerMapping registerHandler
INFO: Mapped URL path [/comment/read] onto handler &apos;userCommentController&apos;
Oct 02, 2014 11:43:35 PM org.springframework.web.servlet.mvc.annotation.DefaultAnnotationHandlerMapping registerHandler
INFO: Mapped URL path [/comment/read.*] onto handler &apos;userCommentController&apos;
Oct 02, 2014 11:43:35 PM org.springframework.web.servlet.mvc.annotation.DefaultAnnotationHandlerMapping registerHandler
INFO: Mapped URL path [/comment/read/] onto handler &apos;userCommentController&apos;
Oct 02, 2014 11:43:35 PM org.springframework.web.servlet.mvc.annotation.DefaultAnnotationHandlerMapping registerHandler
INFO: Mapped URL path [/comment/delete] onto handler &apos;userCommentController&apos;
Oct 02, 2014 11:43:35 PM org.springframework.web.servlet.mvc.annotation.DefaultAnnotationHandlerMapping registerHandler
INFO: Mapped URL path [/comment/delete.*] onto handler &apos;userCommentController&apos;
Oct 02, 2014 11:43:35 PM org.springframework.web.servlet.mvc.annotation.DefaultAnnotationHandlerMapping registerHandler
INFO: Mapped URL path [/comment/delete/] onto handler &apos;userCommentController&apos;
Oct 02, 2014 11:43:35 PM org.springframework.test.web.servlet.TestDispatcherServlet initServletBean
INFO: FrameworkServlet &apos;&apos;: initialization completed in 30 ms
</system-err>
  </testcase>
</testsuite>